<?xml version="1.0" encoding="UTF-8"?>
<!-- Generated by org.testng.reporters.JUnitReportReporter -->
<testsuite skipped="0" hostname="FaisalKhatri" name="com.wizonsoft.coteafs_selenium_tests.LoginTest" tests="1" failures="0" timestamp="04 Sep 2018 18:18:48 GMT" time="7.985" errors="0">
  <testcase name="loginTest1" time="7.985" classname="com.wizonsoft.coteafs_selenium_tests.LoginTest"/>
</testsuite> <!-- com.wizonsoft.coteafs_selenium_tests.LoginTest -->
